<?xml version="1.0" encoding="UTF-8"?>
<!-- Generated by org.testng.reporters.JUnitReportReporter -->
<testsuite hostname="DESKTOP-K8U4OTN" failures="0" tests="1" name="practice.TESTlead" time="0.018" errors="0" timestamp="2023-08-18T17:44:13 IST" skipped="0">
  <testcase classname="practice.TESTlead" name="Testing2" time="0.018"/>
  <system-out/>
</testsuite> <!-- practice.TESTlead -->
