<?xml version="1.0" encoding="UTF-8"?>
<!-- Generated by org.testng.reporters.JUnitReportReporter -->
<testsuite hostname="DESKTOP-K8U4OTN" failures="0" tests="1" name="practice.Testing" time="0.010" errors="0" timestamp="2023-08-18T17:44:13 IST" skipped="0">
  <testcase classname="practice.Testing" name="testing" time="0.010"/>
  <system-out/>
</testsuite> <!-- practice.Testing -->
